<?xml version="1.0" encoding="UTF-8"?>
<!-- Generated by org.testng.reporters.JUnitXMLReporter -->
<testsuite hostname="DESKTOP-QLANP6L" ignored="1" name="Default test" tests="4" failures="0" timestamp="2021-04-06T19:29:10 CEST" time="38.57" errors="0">
  <testcase name="newsLetterTest" time="3.039" classname="org.zalando.frontend.qa.testcases.HomePageTest"/>
  <testcase name="newsLetterTest" time="2.7" classname="org.zalando.frontend.qa.testcases.HomePageTest"/>
  <testcase name="newsLetterTest" time="2.637" classname="org.zalando.frontend.qa.testcases.HomePageTest"/>
  <testcase name="newsLetterTest" time="2.857" classname="org.zalando.frontend.qa.testcases.HomePageTest"/>
  <testcase name="urlTest" time="0.0" classname="org.zalando.frontend.qa.testcases.HomePageTest">
    <ignored/>
  </testcase> <!-- urlTest -->
</testsuite> <!-- Default test -->
