<?xml version="1.0" encoding="UTF-8"?>
<!-- Generated by org.testng.reporters.JUnitXMLReporter -->
<testsuite hostname="DESKTOP-QLANP6L" ignored="3" name="Default test" tests="1" failures="0" timestamp="2021-04-07T19:04:20 CEST" time="10.637" errors="0">
  <testcase name="validUserRegisterationTest" time="1.033" classname="org.zalando.frontend.qa.testcases.RegisterPageTest"/>
  <testcase name="termsAndConditionsTest" time="0.0" classname="org.zalando.frontend.qa.testcases.RegisterPageTest">
    <ignored/>
  </testcase> <!-- termsAndConditionsTest -->
  <testcase name="userRegisterLabelTest" time="0.0" classname="org.zalando.frontend.qa.testcases.RegisterPageTest">
    <ignored/>
  </testcase> <!-- userRegisterLabelTest -->
  <testcase name="privacyPolicyTest" time="0.0" classname="org.zalando.frontend.qa.testcases.RegisterPageTest">
    <ignored/>
  </testcase> <!-- privacyPolicyTest -->
</testsuite> <!-- Default test -->
