<?xml version="1.0" encoding="UTF-8"?>
<testng-results skipped="0" failed="0" ignored="3" total="4" passed="1">
  <reporter-output>
  </reporter-output>
  <suite name="Default suite" duration-ms="10637" started-at="2021-04-07T19:04:09 CEST" finished-at="2021-04-07T19:04:20 CEST">
    <groups>
    </groups>
    <test name="Default test" duration-ms="10637" started-at="2021-04-07T19:04:09 CEST" finished-at="2021-04-07T19:04:20 CEST">
      <class name="org.zalando.frontend.qa.testcases.RegisterPageTest">
        <test-method status="PASS" signature="initialization()[pri:0, instance:org.zalando.frontend.qa.testcases.RegisterPageTest@491cc5c9]" name="initialization" is-config="true" duration-ms="9557" started-at="2021-04-07T19:04:09 CEST" finished-at="2021-04-07T19:04:19 CEST">
          <reporter-output>
          </reporter-output>
        </test-method> <!-- initialization -->
        <test-method status="PASS" signature="validUserRegisterationTest()[pri:4, instance:org.zalando.frontend.qa.testcases.RegisterPageTest@491cc5c9]" name="validUserRegisterationTest" duration-ms="1033" started-at="2021-04-07T19:04:19 CEST" finished-at="2021-04-07T19:04:20 CEST">
          <reporter-output>
          </reporter-output>
        </test-method> <!-- validUserRegisterationTest -->
      </class> <!-- org.zalando.frontend.qa.testcases.RegisterPageTest -->
    </test> <!-- Default test -->
  </suite> <!-- Default suite -->
</testng-results>
